0 info it worked if it ends with ok
1 verbose cli [ 'D:\\nodejs\\node.exe',
1 verbose cli   'D:\\nodejs\\node_modules\\npm\\bin\\npm-cli.js',
1 verbose cli   'run',
1 verbose cli   'dev' ]
2 info using npm@3.5.3
3 info using node@v4.1.2
4 verbose run-script [ 'predev', 'dev', 'postdev' ]
5 info lifecycle zhh-pro-1.0.0@1.0.0~predev: zhh-pro-1.0.0@1.0.0
6 silly lifecycle zhh-pro-1.0.0@1.0.0~predev: no script for predev, continuing
7 info lifecycle zhh-pro-1.0.0@1.0.0~dev: zhh-pro-1.0.0@1.0.0
8 verbose lifecycle zhh-pro-1.0.0@1.0.0~dev: unsafe-perm in lifecycle true
9 verbose lifecycle zhh-pro-1.0.0@1.0.0~dev: PATH: D:\nodejs\node_modules\npm\bin\node-gyp-bin;E:\code\bbs_161228\node_modules\.bin;C:\ProgramData\Oracle\Java\javapath;C:\Program Files (x86)\Intel\iCLS Client\;C:\Program Files\Intel\iCLS Client\;C:\Windows\system32;C:\Windows;C:\Windows\System32\Wbem;C:\Windows\System32\WindowsPowerShell\v1.0\;C:\Program Files\Intel\Intel(R) Management Engine Components\DAL;C:\Program Files\Intel\Intel(R) Management Engine Components\IPT;C:\Program Files (x86)\Intel\Intel(R) Management Engine Components\DAL;C:\Program Files (x86)\Intel\Intel(R) Management Engine Components\IPT;C:\Program Files\TortoiseSVN\bin;C:\Program Files\SourceGear\Common\DiffMerge\;C:\Python27\;C:\Python27\Scripts\;D:\work\sdk\tools;%USERPROFILE%\.dnx\bin;C:\Program Files\Microsoft DNX\Dnvm\;C:\Program Files (x86)\Microsoft Visual Studio 14.0\VC\bin;C:\Program Files (x86)\Windows Kits\8.1\Windows Performance Toolkit\;C:\Program Files\Git\cmd;C:\Program Files\Microsoft\Web Platform Installer\;C:\Program Files (x86)\Microsoft ASP.NET\ASP.NET Web Pages\v1.0\;C:\Program Files\Microsoft SQL Server\110\Tools\Binn\;D:\nodejs;D:\java\maven\apache-maven-3.3.9\bin;D:\java\apache-tomcat-7.0.40-windows-x64\apache-tomcat-7.0.40\lib;D:\java\apache-tomcat-7.0.40-windows-x64\apache-tomcat-7.0.40\bin;C:\Program Files\Java\jdk1.7.0_79\bin;C:\Program Files\Java\jdk1.7.0_79\jre\bin;D:\programfiles\Ruby22-x64\bin
10 verbose lifecycle zhh-pro-1.0.0@1.0.0~dev: CWD: E:\code\bbs_161228
11 silly lifecycle zhh-pro-1.0.0@1.0.0~dev: Args: [ '/d /s /c', 'node build/dev-server.js' ]
12 silly lifecycle zhh-pro-1.0.0@1.0.0~dev: Returned: code: 1  signal: null
13 info lifecycle zhh-pro-1.0.0@1.0.0~dev: Failed to exec dev script
14 verbose stack Error: zhh-pro-1.0.0@1.0.0 dev: `node build/dev-server.js`
14 verbose stack Exit status 1
14 verbose stack     at EventEmitter.<anonymous> (D:\nodejs\node_modules\npm\lib\utils\lifecycle.js:232:16)
14 verbose stack     at emitTwo (events.js:87:13)
14 verbose stack     at EventEmitter.emit (events.js:172:7)
14 verbose stack     at ChildProcess.<anonymous> (D:\nodejs\node_modules\npm\lib\utils\spawn.js:24:14)
14 verbose stack     at emitTwo (events.js:87:13)
14 verbose stack     at ChildProcess.emit (events.js:172:7)
14 verbose stack     at maybeClose (internal/child_process.js:818:16)
14 verbose stack     at Process.ChildProcess._handle.onexit (internal/child_process.js:211:5)
15 verbose pkgid zhh-pro-1.0.0@1.0.0
16 verbose cwd E:\code\bbs_161228
17 error Windows_NT 6.1.7601
18 error argv "D:\\nodejs\\node.exe" "D:\\nodejs\\node_modules\\npm\\bin\\npm-cli.js" "run" "dev"
19 error node v4.1.2
20 error npm  v3.5.3
21 error code ELIFECYCLE
22 error zhh-pro-1.0.0@1.0.0 dev: `node build/dev-server.js`
22 error Exit status 1
23 error Failed at the zhh-pro-1.0.0@1.0.0 dev script 'node build/dev-server.js'.
23 error Make sure you have the latest version of node.js and npm installed.
23 error If you do, this is most likely a problem with the zhh-pro-1.0.0 package,
23 error not with npm itself.
23 error Tell the author that this fails on your system:
23 error     node build/dev-server.js
23 error You can get information on how to open an issue for this project with:
23 error     npm bugs zhh-pro-1.0.0
23 error Or if that isn't available, you can get their info via:
23 error     npm owner ls zhh-pro-1.0.0
23 error There is likely additional logging output above.
24 verbose exit [ 1, true ]
